<?xml version="1.0" encoding="UTF-8"?>
<!-- Generated by org.testng.reporters.JUnitXMLReporter -->
<testsuite ignored="0" hostname="DESKTOP-T9G3HNM" failures="0" tests="5" name="Test" time="0.185" errors="0" timestamp="2022-04-01T11:31:57 IST">
  <testcase classname="com.Maven.DependencyTest" name="aMethod" time="0.025"/>
  <testcase classname="com.Maven.DependencyTest" name="bMethod" time="0.007"/>
  <testcase classname="com.Maven.DependencyTest" name="cMethod" time="0.007"/>
  <testcase classname="com.Maven.DependencyTest" name="dMethod" time="0.004"/>
  <testcase classname="com.Maven.DependencyTest" name="eMethod" time="0.008"/>
</testsuite> <!-- Test -->
